2013/09/29 21:55:39 [error] [exception.CHttpException.403] exception 'CHttpException' with message 'You are not authorized to perform this action.' in /home/wwwroot/dashi.yiishare.com/yii/framework/web/auth/CAccessControlFilter.php:157
Stack trace:
#0 /home/wwwroot/dashi.yiishare.com/yii/framework/web/auth/CAccessControlFilter.php(120): CAccessControlFilter->accessDenied(Object(CWebUser), 'You are not aut...')
#1 /home/wwwroot/dashi.yiishare.com/yii/framework/web/filters/CFilter.php(39): CAccessControlFilter->preFilter(Object(CFilterChain))
#2 /home/wwwroot/dashi.yiishare.com/yii/framework/web/CController.php(1146): CFilter->filter(Object(CFilterChain))
#3 /home/wwwroot/dashi.yiishare.com/yii/framework/web/filters/CInlineFilter.php(59): CController->filterAccessControl(Object(CFilterChain))
#4 /home/wwwroot/dashi.yiishare.com/yii/framework/web/filters/CFilterChain.php(131): CInlineFilter->filter(Object(CFilterChain))
#5 /home/wwwroot/dashi.yiishare.com/yii/framework/web/CController.php(292): CFilterChain->run()
#6 /home/wwwroot/dashi.yiishare.com/yii/framework/web/CController.php(266): CController->runActionWithFilters(Object(CInlineAction), Array)
#7 /home/wwwroot/dashi.yiishare.com/yii/framework/web/CWebApplication.php(276): CController->run('trend')
#8 /home/wwwroot/dashi.yiishare.com/yii/framework/web/CWebApplication.php(135): CWebApplication->runController('data3d/trend')
#9 /home/wwwroot/dashi.yiishare.com/yii/framework/base/CApplication.php(162): CWebApplication->processRequest()
#10 /home/wwwroot/dashi.yiishare.com/upload/index.php(13): CApplication->run()
#11 {main}
REQUEST_URI=/index.php?r=data3d/trend
HTTP_REFERER=http://dashi.yiishare.com/index.php?r=site/login
---
2013/09/29 23:08:50 [error] [exception.CException] exception 'CException' with message 'The options parameter is not valid JSON.' in /home/wwwroot/dashi.yiishare.com/upload/protected/extensions/highcharts/HighchartsWidget.php:88
Stack trace:
#0 /home/wwwroot/dashi.yiishare.com/yii/framework/web/CBaseController.php(174): HighchartsWidget->run()
#1 /home/wwwroot/dashi.yiishare.com/upload/protected/views/data3d/trend.php(17): CBaseController->widget('ext.highcharts....', Array)
#2 /home/wwwroot/dashi.yiishare.com/yii/framework/web/CBaseController.php(127): require('/home/wwwroot/d...')
#3 /home/wwwroot/dashi.yiishare.com/yii/framework/web/CBaseController.php(96): CBaseController->renderInternal('/home/wwwroot/d...', Array, true)
#4 /home/wwwroot/dashi.yiishare.com/yii/framework/web/CController.php(870): CBaseController->renderFile('/home/wwwroot/d...', Array, true)
#5 /home/wwwroot/dashi.yiishare.com/yii/framework/web/CController.php(783): CController->renderPartial('trend', Array, true)
#6 /home/wwwroot/dashi.yiishare.com/upload/protected/controllers/Data3dController.php(208): CController->render('trend', Array)
#7 /home/wwwroot/dashi.yiishare.com/yii/framework/web/actions/CInlineAction.php(50): Data3dController->actionTrend()
#8 /home/wwwroot/dashi.yiishare.com/yii/framework/web/CController.php(309): CInlineAction->runWithParams(Array)
#9 /home/wwwroot/dashi.yiishare.com/yii/framework/web/filters/CFilterChain.php(134): CController->runAction(Object(CInlineAction))
#10 /home/wwwroot/dashi.yiishare.com/yii/framework/web/filters/CFilter.php(41): CFilterChain->run()
#11 /home/wwwroot/dashi.yiishare.com/yii/framework/web/CController.php(1146): CFilter->filter(Object(CFilterChain))
#12 /home/wwwroot/dashi.yiishare.com/yii/framework/web/filters/CInlineFilter.php(59): CController->filterAccessControl(Object(CFilterChain))
#13 /home/wwwroot/dashi.yiishare.com/yii/framework/web/filters/CFilterChain.php(131): CInlineFilter->filter(Object(CFilterChain))
#14 /home/wwwroot/dashi.yiishare.com/yii/framework/web/CController.php(292): CFilterChain->run()
#15 /home/wwwroot/dashi.yiishare.com/yii/framework/web/CController.php(266): CController->runActionWithFilters(Object(CInlineAction), Array)
#16 /home/wwwroot/dashi.yiishare.com/yii/framework/web/CWebApplication.php(276): CController->run('trend')
#17 /home/wwwroot/dashi.yiishare.com/yii/framework/web/CWebApplication.php(135): CWebApplication->runController('data3d/trend')
#18 /home/wwwroot/dashi.yiishare.com/yii/framework/base/CApplication.php(162): CWebApplication->processRequest()
#19 /home/wwwroot/dashi.yiishare.com/upload/index.php(13): CApplication->run()
#20 {main}
REQUEST_URI=/index.php?r=data3d/trend
HTTP_REFERER=http://dashi.yiishare.com/index.php?r=site/login
---
2013/09/29 23:21:16 [error] [php] Undefined variable: trend (/home/wwwroot/dashi.yiishare.com/upload/protected/views/data3d/trend.php:24)
Stack trace:
#0 /home/wwwroot/dashi.yiishare.com/yii/framework/web/CController.php(870): Data3dController->renderFile()
#1 /home/wwwroot/dashi.yiishare.com/yii/framework/web/CController.php(783): Data3dController->renderPartial()
#2 /home/wwwroot/dashi.yiishare.com/upload/protected/controllers/Data3dController.php(209): Data3dController->render()
#3 /home/wwwroot/dashi.yiishare.com/yii/framework/web/actions/CInlineAction.php(50): Data3dController->actionTrend()
#4 /home/wwwroot/dashi.yiishare.com/yii/framework/web/CController.php(309): CInlineAction->runWithParams()
#5 /home/wwwroot/dashi.yiishare.com/yii/framework/web/filters/CFilterChain.php(134): Data3dController->runAction()
#6 /home/wwwroot/dashi.yiishare.com/yii/framework/web/filters/CFilter.php(41): CFilterChain->run()
#7 /home/wwwroot/dashi.yiishare.com/yii/framework/web/CController.php(1146): CAccessControlFilter->filter()
#8 /home/wwwroot/dashi.yiishare.com/yii/framework/web/filters/CInlineFilter.php(59): Data3dController->filterAccessControl()
#9 /home/wwwroot/dashi.yiishare.com/yii/framework/web/filters/CFilterChain.php(131): CInlineFilter->filter()
#10 /home/wwwroot/dashi.yiishare.com/yii/framework/web/CController.php(292): CFilterChain->run()
#11 /home/wwwroot/dashi.yiishare.com/yii/framework/web/CController.php(266): Data3dController->runActionWithFilters()
#12 /home/wwwroot/dashi.yiishare.com/yii/framework/web/CWebApplication.php(276): Data3dController->run()
#13 /home/wwwroot/dashi.yiishare.com/yii/framework/web/CWebApplication.php(135): CWebApplication->runController()
#14 /home/wwwroot/dashi.yiishare.com/yii/framework/base/CApplication.php(162): CWebApplication->processRequest()
#15 /home/wwwroot/dashi.yiishare.com/upload/index.php(13): CWebApplication->run()
REQUEST_URI=/index.php?r=data3d/trend
in /home/wwwroot/dashi.yiishare.com/upload/protected/views/data3d/trend.php (24)
in /home/wwwroot/dashi.yiishare.com/upload/protected/controllers/Data3dController.php (209)
in /home/wwwroot/dashi.yiishare.com/upload/index.php (13)
2013/09/29 23:45:18 [error] [php] Undefined offset: 31 (/home/wwwroot/dashi.yiishare.com/upload/protected/controllers/Data3dController.php:207)
Stack trace:
#0 /home/wwwroot/dashi.yiishare.com/yii/framework/web/filters/CFilterChain.php(134): Data3dController->runAction()
#1 /home/wwwroot/dashi.yiishare.com/yii/framework/web/filters/CFilter.php(41): CFilterChain->run()
#2 /home/wwwroot/dashi.yiishare.com/yii/framework/web/CController.php(1146): CAccessControlFilter->filter()
#3 /home/wwwroot/dashi.yiishare.com/yii/framework/web/filters/CInlineFilter.php(59): Data3dController->filterAccessControl()
#4 /home/wwwroot/dashi.yiishare.com/yii/framework/web/filters/CFilterChain.php(131): CInlineFilter->filter()
#5 /home/wwwroot/dashi.yiishare.com/yii/framework/web/CController.php(292): CFilterChain->run()
#6 /home/wwwroot/dashi.yiishare.com/yii/framework/web/CController.php(266): Data3dController->runActionWithFilters()
#7 /home/wwwroot/dashi.yiishare.com/yii/framework/web/CWebApplication.php(276): Data3dController->run()
#8 /home/wwwroot/dashi.yiishare.com/yii/framework/web/CWebApplication.php(135): CWebApplication->runController()
#9 /home/wwwroot/dashi.yiishare.com/yii/framework/base/CApplication.php(162): CWebApplication->processRequest()
#10 /home/wwwroot/dashi.yiishare.com/upload/index.php(13): CWebApplication->run()
REQUEST_URI=/index.php?r=data3d/trend
in /home/wwwroot/dashi.yiishare.com/upload/protected/controllers/Data3dController.php (207)
in /home/wwwroot/dashi.yiishare.com/upload/index.php (13)
2013/09/29 23:45:19 [error] [php] Undefined offset: 31 (/home/wwwroot/dashi.yiishare.com/upload/protected/controllers/Data3dController.php:207)
Stack trace:
#0 /home/wwwroot/dashi.yiishare.com/yii/framework/web/filters/CFilterChain.php(134): Data3dController->runAction()
#1 /home/wwwroot/dashi.yiishare.com/yii/framework/web/filters/CFilter.php(41): CFilterChain->run()
#2 /home/wwwroot/dashi.yiishare.com/yii/framework/web/CController.php(1146): CAccessControlFilter->filter()
#3 /home/wwwroot/dashi.yiishare.com/yii/framework/web/filters/CInlineFilter.php(59): Data3dController->filterAccessControl()
#4 /home/wwwroot/dashi.yiishare.com/yii/framework/web/filters/CFilterChain.php(131): CInlineFilter->filter()
#5 /home/wwwroot/dashi.yiishare.com/yii/framework/web/CController.php(292): CFilterChain->run()
#6 /home/wwwroot/dashi.yiishare.com/yii/framework/web/CController.php(266): Data3dController->runActionWithFilters()
#7 /home/wwwroot/dashi.yiishare.com/yii/framework/web/CWebApplication.php(276): Data3dController->run()
#8 /home/wwwroot/dashi.yiishare.com/yii/framework/web/CWebApplication.php(135): CWebApplication->runController()
#9 /home/wwwroot/dashi.yiishare.com/yii/framework/base/CApplication.php(162): CWebApplication->processRequest()
#10 /home/wwwroot/dashi.yiishare.com/upload/index.php(13): CWebApplication->run()
REQUEST_URI=/index.php?r=data3d/trend
in /home/wwwroot/dashi.yiishare.com/upload/protected/controllers/Data3dController.php (207)
in /home/wwwroot/dashi.yiishare.com/upload/index.php (13)
2013/09/29 23:45:55 [error] [php] Undefined offset: 0 (/home/wwwroot/dashi.yiishare.com/upload/protected/controllers/Data3dController.php:207)
Stack trace:
#0 /home/wwwroot/dashi.yiishare.com/yii/framework/web/filters/CFilterChain.php(134): Data3dController->runAction()
#1 /home/wwwroot/dashi.yiishare.com/yii/framework/web/filters/CFilter.php(41): CFilterChain->run()
#2 /home/wwwroot/dashi.yiishare.com/yii/framework/web/CController.php(1146): CAccessControlFilter->filter()
#3 /home/wwwroot/dashi.yiishare.com/yii/framework/web/filters/CInlineFilter.php(59): Data3dController->filterAccessControl()
#4 /home/wwwroot/dashi.yiishare.com/yii/framework/web/filters/CFilterChain.php(131): CInlineFilter->filter()
#5 /home/wwwroot/dashi.yiishare.com/yii/framework/web/CController.php(292): CFilterChain->run()
#6 /home/wwwroot/dashi.yiishare.com/yii/framework/web/CController.php(266): Data3dController->runActionWithFilters()
#7 /home/wwwroot/dashi.yiishare.com/yii/framework/web/CWebApplication.php(276): Data3dController->run()
#8 /home/wwwroot/dashi.yiishare.com/yii/framework/web/CWebApplication.php(135): CWebApplication->runController()
#9 /home/wwwroot/dashi.yiishare.com/yii/framework/base/CApplication.php(162): CWebApplication->processRequest()
#10 /home/wwwroot/dashi.yiishare.com/upload/index.php(13): CWebApplication->run()
REQUEST_URI=/index.php?r=data3d/trend
in /home/wwwroot/dashi.yiishare.com/upload/protected/controllers/Data3dController.php (207)
in /home/wwwroot/dashi.yiishare.com/upload/index.php (13)
2013/09/29 23:45:55 [error] [php] Undefined offset: 0 (/home/wwwroot/dashi.yiishare.com/upload/protected/controllers/Data3dController.php:207)
Stack trace:
#0 /home/wwwroot/dashi.yiishare.com/yii/framework/web/filters/CFilterChain.php(134): Data3dController->runAction()
#1 /home/wwwroot/dashi.yiishare.com/yii/framework/web/filters/CFilter.php(41): CFilterChain->run()
#2 /home/wwwroot/dashi.yiishare.com/yii/framework/web/CController.php(1146): CAccessControlFilter->filter()
#3 /home/wwwroot/dashi.yiishare.com/yii/framework/web/filters/CInlineFilter.php(59): Data3dController->filterAccessControl()
#4 /home/wwwroot/dashi.yiishare.com/yii/framework/web/filters/CFilterChain.php(131): CInlineFilter->filter()
#5 /home/wwwroot/dashi.yiishare.com/yii/framework/web/CController.php(292): CFilterChain->run()
#6 /home/wwwroot/dashi.yiishare.com/yii/framework/web/CController.php(266): Data3dController->runActionWithFilters()
#7 /home/wwwroot/dashi.yiishare.com/yii/framework/web/CWebApplication.php(276): Data3dController->run()
#8 /home/wwwroot/dashi.yiishare.com/yii/framework/web/CWebApplication.php(135): CWebApplication->runController()
#9 /home/wwwroot/dashi.yiishare.com/yii/framework/base/CApplication.php(162): CWebApplication->processRequest()
#10 /home/wwwroot/dashi.yiishare.com/upload/index.php(13): CWebApplication->run()
REQUEST_URI=/index.php?r=data3d/trend
in /home/wwwroot/dashi.yiishare.com/upload/protected/controllers/Data3dController.php (207)
in /home/wwwroot/dashi.yiishare.com/upload/index.php (13)
2013/09/29 23:46:12 [error] [php] Undefined offset: 31 (/home/wwwroot/dashi.yiishare.com/upload/protected/controllers/Data3dController.php:207)
Stack trace:
#0 /home/wwwroot/dashi.yiishare.com/yii/framework/web/filters/CFilterChain.php(134): Data3dController->runAction()
#1 /home/wwwroot/dashi.yiishare.com/yii/framework/web/filters/CFilter.php(41): CFilterChain->run()
#2 /home/wwwroot/dashi.yiishare.com/yii/framework/web/CController.php(1146): CAccessControlFilter->filter()
#3 /home/wwwroot/dashi.yiishare.com/yii/framework/web/filters/CInlineFilter.php(59): Data3dController->filterAccessControl()
#4 /home/wwwroot/dashi.yiishare.com/yii/framework/web/filters/CFilterChain.php(131): CInlineFilter->filter()
#5 /home/wwwroot/dashi.yiishare.com/yii/framework/web/CController.php(292): CFilterChain->run()
#6 /home/wwwroot/dashi.yiishare.com/yii/framework/web/CController.php(266): Data3dController->runActionWithFilters()
#7 /home/wwwroot/dashi.yiishare.com/yii/framework/web/CWebApplication.php(276): Data3dController->run()
#8 /home/wwwroot/dashi.yiishare.com/yii/framework/web/CWebApplication.php(135): CWebApplication->runController()
#9 /home/wwwroot/dashi.yiishare.com/yii/framework/base/CApplication.php(162): CWebApplication->processRequest()
#10 /home/wwwroot/dashi.yiishare.com/upload/index.php(13): CWebApplication->run()
REQUEST_URI=/index.php?r=data3d/trend
in /home/wwwroot/dashi.yiishare.com/upload/protected/controllers/Data3dController.php (207)
in /home/wwwroot/dashi.yiishare.com/upload/index.php (13)
2013/09/29 23:46:13 [error] [php] Undefined offset: 31 (/home/wwwroot/dashi.yiishare.com/upload/protected/controllers/Data3dController.php:207)
Stack trace:
#0 /home/wwwroot/dashi.yiishare.com/yii/framework/web/filters/CFilterChain.php(134): Data3dController->runAction()
#1 /home/wwwroot/dashi.yiishare.com/yii/framework/web/filters/CFilter.php(41): CFilterChain->run()
#2 /home/wwwroot/dashi.yiishare.com/yii/framework/web/CController.php(1146): CAccessControlFilter->filter()
#3 /home/wwwroot/dashi.yiishare.com/yii/framework/web/filters/CInlineFilter.php(59): Data3dController->filterAccessControl()
#4 /home/wwwroot/dashi.yiishare.com/yii/framework/web/filters/CFilterChain.php(131): CInlineFilter->filter()
#5 /home/wwwroot/dashi.yiishare.com/yii/framework/web/CController.php(292): CFilterChain->run()
#6 /home/wwwroot/dashi.yiishare.com/yii/framework/web/CController.php(266): Data3dController->runActionWithFilters()
#7 /home/wwwroot/dashi.yiishare.com/yii/framework/web/CWebApplication.php(276): Data3dController->run()
#8 /home/wwwroot/dashi.yiishare.com/yii/framework/web/CWebApplication.php(135): CWebApplication->runController()
#9 /home/wwwroot/dashi.yiishare.com/yii/framework/base/CApplication.php(162): CWebApplication->processRequest()
#10 /home/wwwroot/dashi.yiishare.com/upload/index.php(13): CWebApplication->run()
REQUEST_URI=/index.php?r=data3d/trend
in /home/wwwroot/dashi.yiishare.com/upload/protected/controllers/Data3dController.php (207)
in /home/wwwroot/dashi.yiishare.com/upload/index.php (13)
2013/09/29 23:47:46 [error] [php] Undefined offset: 31 (/home/wwwroot/dashi.yiishare.com/upload/protected/controllers/Data3dController.php:208)
Stack trace:
#0 /home/wwwroot/dashi.yiishare.com/yii/framework/web/filters/CFilterChain.php(134): Data3dController->runAction()
#1 /home/wwwroot/dashi.yiishare.com/yii/framework/web/filters/CFilter.php(41): CFilterChain->run()
#2 /home/wwwroot/dashi.yiishare.com/yii/framework/web/CController.php(1146): CAccessControlFilter->filter()
#3 /home/wwwroot/dashi.yiishare.com/yii/framework/web/filters/CInlineFilter.php(59): Data3dController->filterAccessControl()
#4 /home/wwwroot/dashi.yiishare.com/yii/framework/web/filters/CFilterChain.php(131): CInlineFilter->filter()
#5 /home/wwwroot/dashi.yiishare.com/yii/framework/web/CController.php(292): CFilterChain->run()
#6 /home/wwwroot/dashi.yiishare.com/yii/framework/web/CController.php(266): Data3dController->runActionWithFilters()
#7 /home/wwwroot/dashi.yiishare.com/yii/framework/web/CWebApplication.php(276): Data3dController->run()
#8 /home/wwwroot/dashi.yiishare.com/yii/framework/web/CWebApplication.php(135): CWebApplication->runController()
#9 /home/wwwroot/dashi.yiishare.com/yii/framework/base/CApplication.php(162): CWebApplication->processRequest()
#10 /home/wwwroot/dashi.yiishare.com/upload/index.php(13): CWebApplication->run()
REQUEST_URI=/index.php?r=data3d/trend
in /home/wwwroot/dashi.yiishare.com/upload/protected/controllers/Data3dController.php (208)
in /home/wwwroot/dashi.yiishare.com/upload/index.php (13)
2013/09/29 23:47:47 [error] [php] Undefined offset: 31 (/home/wwwroot/dashi.yiishare.com/upload/protected/controllers/Data3dController.php:208)
Stack trace:
#0 /home/wwwroot/dashi.yiishare.com/yii/framework/web/filters/CFilterChain.php(134): Data3dController->runAction()
#1 /home/wwwroot/dashi.yiishare.com/yii/framework/web/filters/CFilter.php(41): CFilterChain->run()
#2 /home/wwwroot/dashi.yiishare.com/yii/framework/web/CController.php(1146): CAccessControlFilter->filter()
#3 /home/wwwroot/dashi.yiishare.com/yii/framework/web/filters/CInlineFilter.php(59): Data3dController->filterAccessControl()
#4 /home/wwwroot/dashi.yiishare.com/yii/framework/web/filters/CFilterChain.php(131): CInlineFilter->filter()
#5 /home/wwwroot/dashi.yiishare.com/yii/framework/web/CController.php(292): CFilterChain->run()
#6 /home/wwwroot/dashi.yiishare.com/yii/framework/web/CController.php(266): Data3dController->runActionWithFilters()
#7 /home/wwwroot/dashi.yiishare.com/yii/framework/web/CWebApplication.php(276): Data3dController->run()
#8 /home/wwwroot/dashi.yiishare.com/yii/framework/web/CWebApplication.php(135): CWebApplication->runController()
#9 /home/wwwroot/dashi.yiishare.com/yii/framework/base/CApplication.php(162): CWebApplication->processRequest()
#10 /home/wwwroot/dashi.yiishare.com/upload/index.php(13): CWebApplication->run()
REQUEST_URI=/index.php?r=data3d/trend
in /home/wwwroot/dashi.yiishare.com/upload/protected/controllers/Data3dController.php (208)
in /home/wwwroot/dashi.yiishare.com/upload/index.php (13)
2013/09/29 23:47:47 [error] [php] Undefined offset: 31 (/home/wwwroot/dashi.yiishare.com/upload/protected/controllers/Data3dController.php:208)
Stack trace:
#0 /home/wwwroot/dashi.yiishare.com/yii/framework/web/filters/CFilterChain.php(134): Data3dController->runAction()
#1 /home/wwwroot/dashi.yiishare.com/yii/framework/web/filters/CFilter.php(41): CFilterChain->run()
#2 /home/wwwroot/dashi.yiishare.com/yii/framework/web/CController.php(1146): CAccessControlFilter->filter()
#3 /home/wwwroot/dashi.yiishare.com/yii/framework/web/filters/CInlineFilter.php(59): Data3dController->filterAccessControl()
#4 /home/wwwroot/dashi.yiishare.com/yii/framework/web/filters/CFilterChain.php(131): CInlineFilter->filter()
#5 /home/wwwroot/dashi.yiishare.com/yii/framework/web/CController.php(292): CFilterChain->run()
#6 /home/wwwroot/dashi.yiishare.com/yii/framework/web/CController.php(266): Data3dController->runActionWithFilters()
#7 /home/wwwroot/dashi.yiishare.com/yii/framework/web/CWebApplication.php(276): Data3dController->run()
#8 /home/wwwroot/dashi.yiishare.com/yii/framework/web/CWebApplication.php(135): CWebApplication->runController()
#9 /home/wwwroot/dashi.yiishare.com/yii/framework/base/CApplication.php(162): CWebApplication->processRequest()
#10 /home/wwwroot/dashi.yiishare.com/upload/index.php(13): CWebApplication->run()
REQUEST_URI=/index.php?r=data3d/trend
in /home/wwwroot/dashi.yiishare.com/upload/protected/controllers/Data3dController.php (208)
in /home/wwwroot/dashi.yiishare.com/upload/index.php (13)
2013/09/29 23:47:47 [error] [php] Undefined offset: 31 (/home/wwwroot/dashi.yiishare.com/upload/protected/controllers/Data3dController.php:208)
Stack trace:
#0 /home/wwwroot/dashi.yiishare.com/yii/framework/web/filters/CFilterChain.php(134): Data3dController->runAction()
#1 /home/wwwroot/dashi.yiishare.com/yii/framework/web/filters/CFilter.php(41): CFilterChain->run()
#2 /home/wwwroot/dashi.yiishare.com/yii/framework/web/CController.php(1146): CAccessControlFilter->filter()
#3 /home/wwwroot/dashi.yiishare.com/yii/framework/web/filters/CInlineFilter.php(59): Data3dController->filterAccessControl()
#4 /home/wwwroot/dashi.yiishare.com/yii/framework/web/filters/CFilterChain.php(131): CInlineFilter->filter()
#5 /home/wwwroot/dashi.yiishare.com/yii/framework/web/CController.php(292): CFilterChain->run()
#6 /home/wwwroot/dashi.yiishare.com/yii/framework/web/CController.php(266): Data3dController->runActionWithFilters()
#7 /home/wwwroot/dashi.yiishare.com/yii/framework/web/CWebApplication.php(276): Data3dController->run()
#8 /home/wwwroot/dashi.yiishare.com/yii/framework/web/CWebApplication.php(135): CWebApplication->runController()
#9 /home/wwwroot/dashi.yiishare.com/yii/framework/base/CApplication.php(162): CWebApplication->processRequest()
#10 /home/wwwroot/dashi.yiishare.com/upload/index.php(13): CWebApplication->run()
REQUEST_URI=/index.php?r=data3d/trend
in /home/wwwroot/dashi.yiishare.com/upload/protected/controllers/Data3dController.php (208)
in /home/wwwroot/dashi.yiishare.com/upload/index.php (13)
2013/09/30 17:47:35 [error] [exception.CHttpException.400] exception 'CHttpException' with message 'Your request is invalid.' in /home/wwwroot/dashi.yiishare.com/yii/framework/web/CController.php:337
Stack trace:
#0 /home/wwwroot/dashi.yiishare.com/yii/framework/web/CController.php(310): CController->invalidActionParams(Object(CInlineAction))
#1 /home/wwwroot/dashi.yiishare.com/yii/framework/web/filters/CFilterChain.php(134): CController->runAction(Object(CInlineAction))
#2 /home/wwwroot/dashi.yiishare.com/yii/framework/web/filters/CFilter.php(41): CFilterChain->run()
#3 /home/wwwroot/dashi.yiishare.com/yii/framework/web/CController.php(1146): CFilter->filter(Object(CFilterChain))
#4 /home/wwwroot/dashi.yiishare.com/yii/framework/web/filters/CInlineFilter.php(59): CController->filterAccessControl(Object(CFilterChain))
#5 /home/wwwroot/dashi.yiishare.com/yii/framework/web/filters/CFilterChain.php(131): CInlineFilter->filter(Object(CFilterChain))
#6 /home/wwwroot/dashi.yiishare.com/yii/framework/web/CController.php(292): CFilterChain->run()
#7 /home/wwwroot/dashi.yiishare.com/yii/framework/web/CController.php(266): CController->runActionWithFilters(Object(CInlineAction), Array)
#8 /home/wwwroot/dashi.yiishare.com/yii/framework/web/CWebApplication.php(276): CController->run('trend')
#9 /home/wwwroot/dashi.yiishare.com/yii/framework/web/CWebApplication.php(135): CWebApplication->runController('data3d/trend')
#10 /home/wwwroot/dashi.yiishare.com/yii/framework/base/CApplication.php(162): CWebApplication->processRequest()
#11 /home/wwwroot/dashi.yiishare.com/upload/index.php(13): CApplication->run()
#12 {main}
REQUEST_URI=/index.php?r=data3d/trend
---
2013/09/30 17:47:36 [error] [exception.CHttpException.400] exception 'CHttpException' with message 'Your request is invalid.' in /home/wwwroot/dashi.yiishare.com/yii/framework/web/CController.php:337
Stack trace:
#0 /home/wwwroot/dashi.yiishare.com/yii/framework/web/CController.php(310): CController->invalidActionParams(Object(CInlineAction))
#1 /home/wwwroot/dashi.yiishare.com/yii/framework/web/filters/CFilterChain.php(134): CController->runAction(Object(CInlineAction))
#2 /home/wwwroot/dashi.yiishare.com/yii/framework/web/filters/CFilter.php(41): CFilterChain->run()
#3 /home/wwwroot/dashi.yiishare.com/yii/framework/web/CController.php(1146): CFilter->filter(Object(CFilterChain))
#4 /home/wwwroot/dashi.yiishare.com/yii/framework/web/filters/CInlineFilter.php(59): CController->filterAccessControl(Object(CFilterChain))
#5 /home/wwwroot/dashi.yiishare.com/yii/framework/web/filters/CFilterChain.php(131): CInlineFilter->filter(Object(CFilterChain))
#6 /home/wwwroot/dashi.yiishare.com/yii/framework/web/CController.php(292): CFilterChain->run()
#7 /home/wwwroot/dashi.yiishare.com/yii/framework/web/CController.php(266): CController->runActionWithFilters(Object(CInlineAction), Array)
#8 /home/wwwroot/dashi.yiishare.com/yii/framework/web/CWebApplication.php(276): CController->run('trend')
#9 /home/wwwroot/dashi.yiishare.com/yii/framework/web/CWebApplication.php(135): CWebApplication->runController('data3d/trend')
#10 /home/wwwroot/dashi.yiishare.com/yii/framework/base/CApplication.php(162): CWebApplication->processRequest()
#11 /home/wwwroot/dashi.yiishare.com/upload/index.php(13): CApplication->run()
#12 {main}
REQUEST_URI=/index.php?r=data3d/trend
---
